\BOOKMARK [0][-]{section*.1}{LIST OF TABLES}{}% 1
\BOOKMARK [0][-]{section*.2}{LIST OF FIGURES}{}% 2
\BOOKMARK [0][-]{chapter.1}{Introduction}{}% 3
\BOOKMARK [0][-]{chapter.2}{Theoretical Considerations}{}% 4
\BOOKMARK [1][-]{section.2.1}{The Weak Interaction and Beta Decay}{chapter.2}% 5
\BOOKMARK [2][-]{subsection.2.1.1}{Structure of the weak interaction}{section.2.1}% 6
\BOOKMARK [2][-]{subsection.2.1.2}{Symmetries of the hadronic weak interaction}{section.2.1}% 7
\BOOKMARK [1][-]{section.2.2}{Differential Decay Rate of the Neutron}{chapter.2}% 8
\BOOKMARK [2][-]{subsection.2.2.1}{Non-radiative decay}{section.2.2}% 9
\BOOKMARK [2][-]{subsection.2.2.2}{Classical radiative decay}{section.2.2}% 10
\BOOKMARK [2][-]{subsection.2.2.3}{Field theory treatment}{section.2.2}% 11
\BOOKMARK [0][-]{chapter.3}{Experimental Setup}{}% 12
\BOOKMARK [1][-]{section.3.1}{Neutron Beam Line at NCNR}{chapter.3}% 13
\BOOKMARK [1][-]{section.3.2}{Radiative Decay Experimental Setup}{chapter.3}% 14
\BOOKMARK [2][-]{subsection.3.2.1}{Superconducting Solenoid Magnet}{section.3.2}% 15
\BOOKMARK [2][-]{subsection.3.2.2}{Electron-Proton Detection}{section.3.2}% 16
\BOOKMARK [2][-]{subsection.3.2.3}{Electrostatic Mirror}{section.3.2}% 17
\BOOKMARK [2][-]{subsection.3.2.4}{Photon Detector Arrays}{section.3.2}% 18
\BOOKMARK [3][-]{section*.15}{BGO Array}{subsection.3.2.4}% 19
\BOOKMARK [3][-]{section*.19}{APD as Direct Detector}{subsection.3.2.4}% 20
\BOOKMARK [1][-]{section.3.3}{Electronics and Data Acquisition System}{chapter.3}% 21
\BOOKMARK [0][-]{chapter.4}{Data Analysis}{}% 22
\BOOKMARK [1][-]{section.4.1}{Photon signal analysis}{chapter.4}% 23
\BOOKMARK [2][-]{subsection.4.1.1}{Baseline measurement}{section.4.1}% 24
\BOOKMARK [2][-]{subsection.4.1.2}{Smoothing}{section.4.1}% 25
\BOOKMARK [2][-]{subsection.4.1.3}{Signal parameterization}{section.4.1}% 26
\BOOKMARK [2][-]{subsection.4.1.4}{Photon signal fit}{section.4.1}% 27
\BOOKMARK [1][-]{section.4.2}{Charged particle signal analysis}{chapter.4}% 28
\BOOKMARK [2][-]{subsection.4.2.1}{SBD signal fit}{section.4.2}% 29
\BOOKMARK [1][-]{section.4.3}{Post-processing}{chapter.4}% 30
\BOOKMARK [2][-]{subsection.4.3.1}{Timestamp correction}{section.4.3}% 31
\BOOKMARK [2][-]{subsection.4.3.2}{Multiplicity}{section.4.3}% 32
\BOOKMARK [2][-]{subsection.4.3.3}{Additional cuts}{section.4.3}% 33
\BOOKMARK [1][-]{section.4.4}{Background Subtraction}{chapter.4}% 34
\BOOKMARK [0][-]{chapter.5}{Calibrations and Systematics}{}% 35
\BOOKMARK [1][-]{section.5.1}{BGO-APD Calibrations}{chapter.5}% 36
\BOOKMARK [2][-]{subsection.5.1.1}{Temperature dependence}{section.5.1}% 37
\BOOKMARK [2][-]{subsection.5.1.2}{Positional dependent gain}{section.5.1}% 38
\BOOKMARK [1][-]{section.5.2}{bAPD Calibrations}{chapter.5}% 39
\BOOKMARK [2][-]{subsection.5.2.1}{Magnetic field effects}{section.5.2}% 40
\BOOKMARK [1][-]{section.5.3}{SBD Calibrations}{chapter.5}% 41
\BOOKMARK [1][-]{section.5.4}{Electrostatic Mirror}{chapter.5}% 42
\BOOKMARK [0][-]{chapter.6}{Simulations}{}% 43
\BOOKMARK [1][-]{section.6.1}{Event Generator}{chapter.6}% 44
\BOOKMARK [1][-]{section.6.2}{Tracking}{chapter.6}% 45
\BOOKMARK [1][-]{section.6.3}{Field Calculations}{chapter.6}% 46
\BOOKMARK [1][-]{section.6.4}{Detector Response}{chapter.6}% 47
\BOOKMARK [1][-]{section.6.5}{Comparison with Data}{chapter.6}% 48
\BOOKMARK [0][-]{chapter.7}{Conclusions and Outlook}{}% 49
\BOOKMARK [1][-]{section.7.1}{Results}{chapter.7}% 50
\BOOKMARK [2][-]{subsection.7.1.1}{BGO results}{section.7.1}% 51
\BOOKMARK [2][-]{subsection.7.1.2}{bAPD results}{section.7.1}% 52
\BOOKMARK [2][-]{subsection.7.1.3}{Work in Progress}{section.7.1}% 53
\BOOKMARK [1][-]{section.7.2}{Outlook}{chapter.7}% 54
\BOOKMARK [0][-]{section*.45}{REFERENCES}{}% 55
