This is pdfTeX, Version 3.1415926-2.3-1.40.12 (MiKTeX 2.9) (preloaded format=pdflatex 2011.9.18)  17 FEB 2013 15:42
entering extended mode
**C:/Users/bwoneill/Documents/Physics/Research/RDK/Papers/thesis/formatted/pwas
u.tex

(C:/Users/bwoneill/Documents/Physics/Research/RDK/Papers/thesis/formatted/pwasu
.tex
LaTeX2e <2011/06/27>
Babel <v3.8m> and hyphenation patterns for english, afrikaans, ancientgreek, ar
abic, armenian, assamese, basque, bengali, bokmal, bulgarian, catalan, coptic, 
croatian, czech, danish, dutch, esperanto, estonian, farsi, finnish, french, ga
lician, german, german-x-2009-06-19, greek, gujarati, hindi, hungarian, iceland
ic, indonesian, interlingua, irish, italian, kannada, kurmanji, lao, latin, lat
vian, lithuanian, malayalam, marathi, mongolian, mongolianlmc, monogreek, ngerm
an, ngerman-x-2009-06-19, nynorsk, oriya, panjabi, pinyin, polish, portuguese, 
romanian, russian, sanskrit, serbian, slovak, slovenian, spanish, swedish, swis
sgerman, tamil, telugu, turkish, turkmen, ukenglish, ukrainian, uppersorbian, u
senglishmax, welsh, loaded.
("C:\Program Files (x86)\MiKTeX 2.9\tex\latex\memoir\memoir.cls"
Document Class: memoir 2011/03/06 v3.6j configurable book, report, article docu
ment class
\onelineskip=\skip41
\lxvchars=\skip42
\xlvchars=\skip43
\@memcnta=\count79
\c@@memmarkcntra=\count80
\l@nohyphenation=\language70
("C:\Program Files (x86)\MiKTeX 2.9\tex\generic\oberdiek\ifpdf.sty"
Package: ifpdf 2011/01/30 v2.3 Provides the ifpdf switch (HO)
Package ifpdf Info: pdfTeX in PDF mode is detected.
)
Class memoir Info: An `ifetex' package is being emulated on input line 251.

("C:\Program Files (x86)\MiKTeX 2.9\tex\generic\ifxetex\ifxetex.sty"
Package: ifxetex 2010/09/12 v0.6 Provides ifxetex conditional
)
("C:\Program Files (x86)\MiKTeX 2.9\tex\generic\oberdiek\ifluatex.sty"
Package: ifluatex 2010/03/01 v1.3 Provides the ifluatex switch (HO)
Package ifluatex Info: LuaTeX not detected.
)
\stockheight=\skip44
\stockwidth=\skip45
\trimtop=\skip46
\trimedge=\skip47

("C:\Program Files (x86)\MiKTeX 2.9\tex\latex\misc\etex.sty"
Package: etex 1998/03/26 v2.0 eTeX basic definition package (PEB)
\et@xins=\count81
)
("C:\Program Files (x86)\MiKTeX 2.9\tex\latex\memoir\mem12.clo"
File: mem12.clo 2010/10/19 v0.4b memoir class 12pt size option
)
\binding=\skip48
\spinemargin=\skip49
\foremargin=\skip50
\uppermargin=\skip51
\lowermargin=\skip52
\headdrop=\skip53
\normalrulethickness=\skip54
\mem@maxheadheight=\skip55
\mem@maxfootheight=\skip56
\headwidth=\skip57
\c@storedpagenumber=\count82
\memPD=\dimen102
\m@mabparskip=\skip58
\thanksmarkwidth=\skip59
\thanksmarksep=\skip60
\droptitle=\skip61
\c@book=\count83
\c@part=\count84
\c@chapter=\count85
\c@section=\count86
\c@subsection=\count87
\c@subsubsection=\count88
\c@paragraph=\count89
\c@subparagraph=\count90
\beforechapskip=\skip62
\midchapskip=\skip63
\afterchapskip=\skip64
\chapindent=\skip65
\bottomsectionskip=\skip66
\secindent=\skip67
\beforesecskip=\skip68
\aftersecskip=\skip69
\subsecindent=\skip70
\beforesubsecskip=\skip71
\aftersubsecskip=\skip72
\subsubsecindent=\skip73
\beforesubsubsecskip=\skip74
\aftersubsubsecskip=\skip75
\paraindent=\skip76
\beforeparaskip=\skip77
\afterparaskip=\skip78
\subparaindent=\skip79
\beforesubparaskip=\skip80
\aftersubparaskip=\skip81
\pfbreakskip=\skip82
\c@@ppsavesec=\count91
\c@@ppsaveapp=\count92
\ragrparindent=\dimen103
\everylistparindent=\dimen104
\parsepi=\skip83
\topsepi=\skip84
\itemsepi=\skip85
\parsepii=\skip86
\topsepii=\skip87
\topsepiii=\skip88
\itemsepii=\skip89
\itemsepiii=\skip90
\partopsepii=\skip91
\partopsepiii=\skip92
\m@msavetopsep=\skip93
\m@msavepartopsep=\skip94
\@enLab=\toks14
\abstitleskip=\skip95
\absleftindent=\skip96
\abs@leftindent=\dimen105
\absrightindent=\skip97
\absparindent=\skip98
\absparsep=\skip99
\c@vslineno=\count93
\c@poemline=\count94
\c@modulo@vs=\count95
\c@memfvsline=\count96
\vleftskip=\skip100
\vrightskip=\skip101
\stanzaskip=\skip102
\versewidth=\skip103
\vgap=\skip104
\vindent=\skip105
\vleftmargin=\dimen106
\c@verse=\count97
\c@chrsinstr=\count98
\beforepoemtitleskip=\skip106
\afterpoemtitleskip=\skip107
\c@poem=\count99
\beforePoemTitleskip=\skip108
\midPoemTitleskip=\skip109
\afterPoemTitleskip=\skip110
\col@sep=\dimen107
\extrarowheight=\dimen108
\NC@list=\toks15
\extratabsurround=\skip111
\backup@length=\skip112
\TX@col@width=\dimen109
\TX@old@table=\dimen110
\TX@old@col=\dimen111
\TX@target=\dimen112
\TX@delta=\dimen113
\TX@cols=\count100
\TX@ftn=\toks16
\heavyrulewidth=\dimen114
\lightrulewidth=\dimen115
\cmidrulewidth=\dimen116
\belowrulesep=\dimen117
\belowbottomsep=\dimen118
\aboverulesep=\dimen119
\abovetopsep=\dimen120
\cmidrulesep=\dimen121
\cmidrulekern=\dimen122
\defaultaddspace=\dimen123
\@cmidla=\count101
\@cmidlb=\count102
\@aboverulesep=\dimen124
\@belowrulesep=\dimen125
\@thisruleclass=\count103
\@lastruleclass=\count104
\@thisrulewidth=\dimen126
\ctableftskip=\skip113
\ctabrightskip=\skip114
\abovecolumnspenalty=\count105
\@linestogo=\count106
\@cellstogo=\count107
\@cellsincolumn=\count108
\crtok=\toks17
\@mincolumnwidth=\dimen127
\c@newflo@tctr=\count109
\mem@margin@floatbox=\box26
\@contcwidth=\skip115
\@contindw=\skip116
\abovecaptionskip=\skip117
\belowcaptionskip=\skip118
\subfloattopskip=\skip119
\subfloatcapskip=\skip120
\subfloatcaptopadj=\skip121
\subfloatbottomskip=\skip122
\subfloatlabelskip=\skip123
\subfloatcapmargin=\dimen128
\c@@contsubnum=\count110
\m@mscap@capbox=\box27
\m@mscap@fbox=\box28
\sidecapsep=\dimen129
\sidecapwidth=\dimen130
\m@m@tempdima=\dimen131
\m@mscapraise=\dimen132
\sidecapraise=\dimen133
\m@mscapmainwidth=\dimen134
\m@mscaplkern=\dimen135
\beforeepigraphskip=\skip124
\afterepigraphskip=\skip125
\epigraphwidth=\skip126
\epigraphrule=\skip127
LaTeX Info: Redefining \em on input line 7377.
LaTeX Info: Redefining \emph on input line 7385.
\tocentryskip=\skip128
\tocbaseline=\skip129
\cftparskip=\skip130
\cftbeforebookskip=\skip131
\cftbookindent=\dimen136
\cftbooknumwidth=\dimen137
\cftbeforepartskip=\skip132
\cftpartindent=\skip133
\cftpartnumwidth=\skip134
\cftbeforechapterskip=\skip135
\cftchapterindent=\skip136
\cftchapternumwidth=\skip137
\cftbeforesectionskip=\skip138
\cftsectionindent=\skip139
\cftsectionnumwidth=\skip140
\cftbeforesubsectionskip=\skip141
\cftsubsectionindent=\skip142
\cftsubsectionnumwidth=\skip143
\cftbeforesubsubsectionskip=\skip144
\cftsubsubsectionindent=\skip145
\cftsubsubsectionnumwidth=\skip146
\cftbeforeparagraphskip=\skip147
\cftparagraphindent=\skip148
\cftparagraphnumwidth=\skip149
\cftbeforesubparagraphskip=\skip150
\cftsubparagraphindent=\skip151
\cftsubparagraphnumwidth=\skip152
\prechapterprecisshift=\dimen138
\c@maxsecnumdepth=\count111
\bibindent=\dimen139
\bibitemsep=\skip153
\indexcolsep=\skip154
\indexrule=\skip155
\indexmarkstyle=\toks18
\@indexbox=\insert233
\glossarycolsep=\dimen140
\glossaryrule=\dimen141
\sideparvshift=\skip156
\sideins=\insert232
\sidebartopsep=\skip157
\sidebarhsep=\skip158
\sidebarvsep=\skip159
\sidebarwidth=\skip160
\footmarkwidth=\skip161
\footmarksep=\skip162
\footparindent=\skip163
\footinsdim=\skip164
\footinsv@r=\insert231
\@mpfootinsv@r=\insert230
\m@m@k=\count112
\m@m@h=\dimen142
\m@mipn@skip=\skip165
\sidefootins=\insert229
\sidefootadjust=\skip166
\sidefootheight=\skip167
\sidefoothsep=\skip168
\sidefootvsep=\skip169
\sidefootwidth=\skip170
\m@mdownsf=\skip171
\c@sidefootnote=\count113
\sidefootmarkwidth=\skip172
\sidefootmarksep=\skip173
\sidefootparindent=\skip174
\c@pagenote=\count114
\c@pagenoteshadow=\count115
\mem@pn@lastkern=\skip175
\every@verbatim=\toks19
\afterevery@verbatim=\toks20
\verbatim@line=\toks21
\tab@position=\count116
\verbatim@in@stream=\read1
\verbatimindent=\skip176
\verbatim@out=\write3
\bvboxsep=\skip177
\c@memfbvline=\count117
\c@bvlinectr=\count118
\bvnumlength=\skip178
\fb@frw=\dimen143
\fb@frh=\dimen144
\FrameRule=\dimen145
\FrameSep=\dimen146
\c@cp@cntr=\count119
LaTeX Info: Redefining \: on input line 11807.
LaTeX Info: Redefining \! on input line 11809.
\c@ism@mctr=\count120
\c@xsm@mctr=\count121
\c@csm@mctr=\count122
\c@ksm@mctr=\count123
\c@xksm@mctr=\count124
\c@cksm@mctr=\count125
\c@msm@mctr=\count126
\c@xmsm@mctr=\count127
\c@cmsm@mctr=\count128
\c@bsm@mctr=\count129
\c@workm@mctr=\count130
\c@sheetsequence=\count131
\c@lastsheet=\count132
\c@lastpage=\count133
\c@figure=\count134
\c@lofdepth=\count135
\cftbeforefigureskip=\skip179
\cftfigureindent=\skip180
\cftfigurenumwidth=\skip181
\c@table=\count136
\c@lotdepth=\count137
\cftbeforetableskip=\skip182
\cfttableindent=\skip183
\cfttablenumwidth=\skip184
Package abstract [2008/07/23] emulated by memoir.
Package appendix [2008/07/23] emulated by memoir.
Package array [2008/07/23] emulated by memoir.
Package booktabs [2008/07/23] emulated by memoir.
Package ccaption [2008/07/23] emulated by memoir.
Package changepage [2008/07/23] emulated by memoir.
Package chngcntr [2008/07/23] emulated by memoir.
Package chngpage [2008/07/23] emulated by memoir.
Package crop emulated by memoir.
Package dcolumn [2008/07/23] emulated by memoir.
Package delarray [2008/07/23] emulated by memoir.
Package enumerate [2008/07/23] emulated by memoir.
Package epigraph [2008/07/23] emulated by memoir.
Package ifmtarg [2008/07/23] emulated by memoir.
Package ifetex [2008/07/23] emulated by memoir.
Package index [2008/07/23] emulated by memoir.
Package makeidx [2008/07/23] emulated by memoir.
Package moreverb [2008/07/23] emulated by memoir.
Package mparhack [2008/07/23] emulated by memoir.
Package needspace [2008/07/23] emulated by memoir.
Package newfile [2008/07/23] emulated by memoir.
Package nextpage [2008/07/23] emulated by memoir.
Package pagenote [2008/07/23] emulated by memoir.
Package parskip [2008/07/23] emulated by memoir.
Package patchcmd [2008/07/23] emulated by memoir.
Package setspace [2008/07/23] emulated by memoir.
Package shortvrb [2008/07/23] emulated by memoir.
Package showidx [2008/07/23] emulated by memoir.
Package tabularx [2008/07/23] emulated by memoir.
Package titleref [2008/07/23] emulated by memoir.
Package titling [2008/07/23] emulated by memoir.
Package tocbibind [2008/07/23] emulated by memoir.
Package tocloft [2008/07/23] emulated by memoir.
Package tocvsec2 [2008/07/23] emulated by memoir.
Package verbatim [2008/07/23] emulated by memoir.
Package verse [2008/07/23] emulated by memoir.

("C:\Program Files (x86)\MiKTeX 2.9\tex\latex\memoir\mempatch.sty"
Package: mempatch 2009/07/24 v6.0f Patches for memoir class v1.6180339
))
("C:\Program Files (x86)\MiKTeX 2.9\tex\latex\subfig\subfig.sty"
Package: subfig 2005/06/28 ver: 1.3 subfig package

("C:\Program Files (x86)\MiKTeX 2.9\tex\latex\graphics\keyval.sty"
Package: keyval 1999/03/16 v1.13 key=value parser (DPC)
\KV@toks@=\toks22
)

Class memoir Warning: You are using the caption package with the memoir 
(memoir)              class. This may cause unexpected or inconsistent 
(memoir)              results if you use any of memoir's captioning facilities.


("C:\Program Files (x86)\MiKTeX 2.9\tex\latex\caption\caption.sty"
Package: caption 2011/11/10 v3.2e Customizing captions (AR)

("C:\Program Files (x86)\MiKTeX 2.9\tex\latex\caption\caption3.sty"
Package: caption3 2011/11/01 v1.4a caption3 kernel (AR)
\captionmargin=\dimen147
\captionmargin@=\dimen148
\captionwidth=\dimen149
\caption@indent=\dimen150
\caption@parindent=\dimen151
\caption@hangindent=\dimen152
)
\c@ContinuedFloat=\count138
)
\c@KVtest=\count139
\sf@farskip=\skip185
\sf@captopadj=\dimen153
\sf@capskip=\skip186
\sf@nearskip=\skip187
\c@subfigure=\count140
\c@subfigure@save=\count141
\c@subtable=\count142
\c@subtable@save=\count143
\sf@top=\skip188
\sf@bottom=\skip189
)
("C:\Program Files (x86)\MiKTeX 2.9\tex\latex\graphics\graphicx.sty"
Package: graphicx 1999/02/16 v1.0f Enhanced LaTeX Graphics (DPC,SPQR)

("C:\Program Files (x86)\MiKTeX 2.9\tex\latex\graphics\graphics.sty"
Package: graphics 2009/02/05 v1.0o Standard LaTeX Graphics (DPC,SPQR)

("C:\Program Files (x86)\MiKTeX 2.9\tex\latex\graphics\trig.sty"
Package: trig 1999/03/16 v1.09 sin cos tan (DPC)
)
("C:\Program Files (x86)\MiKTeX 2.9\tex\latex\00miktex\graphics.cfg"
File: graphics.cfg 2007/01/18 v1.5 graphics configuration of teTeX/TeXLive
)
Package graphics Info: Driver file: pdftex.def on input line 91.

("C:\Program Files (x86)\MiKTeX 2.9\tex\latex\pdftex-def\pdftex.def"
File: pdftex.def 2011/05/27 v0.06d Graphics/color for pdfTeX

("C:\Program Files (x86)\MiKTeX 2.9\tex\generic\oberdiek\infwarerr.sty"
Package: infwarerr 2010/04/08 v1.3 Providing info/warning/message (HO)
)
("C:\Program Files (x86)\MiKTeX 2.9\tex\generic\oberdiek\ltxcmds.sty"
Package: ltxcmds 2011/04/18 v1.20 LaTeX kernel commands for general use (HO)
)
\Gread@gobject=\count144
))
\Gin@req@height=\dimen154
\Gin@req@width=\dimen155
)
("C:\Program Files (x86)\MiKTeX 2.9\tex\latex\amsfonts\amssymb.sty"
Package: amssymb 2009/06/22 v3.00

("C:\Program Files (x86)\MiKTeX 2.9\tex\latex\amsfonts\amsfonts.sty"
Package: amsfonts 2009/06/22 v3.00 Basic AMSFonts support
\@emptytoks=\toks23
\symAMSa=\mathgroup4
\symAMSb=\mathgroup5
LaTeX Font Info:    Overwriting math alphabet `\mathfrak' in version `bold'
(Font)                  U/euf/m/n --> U/euf/b/n on input line 96.
))
("C:\Program Files (x86)\MiKTeX 2.9\tex\latex\ams\math\amsmath.sty"
Package: amsmath 2000/07/18 v2.13 AMS math features
\@mathmargin=\skip190

For additional information on amsmath, use the `?' option.
("C:\Program Files (x86)\MiKTeX 2.9\tex\latex\ams\math\amstext.sty"
Package: amstext 2000/06/29 v2.01

("C:\Program Files (x86)\MiKTeX 2.9\tex\latex\ams\math\amsgen.sty"
File: amsgen.sty 1999/11/30 v2.0
\@emptytoks=\toks24
\ex@=\dimen156
))
("C:\Program Files (x86)\MiKTeX 2.9\tex\latex\ams\math\amsbsy.sty"
Package: amsbsy 1999/11/29 v1.2d
\pmbraise@=\dimen157
)
("C:\Program Files (x86)\MiKTeX 2.9\tex\latex\ams\math\amsopn.sty"
Package: amsopn 1999/12/14 v2.01 operator names
)
\inf@bad=\count145
LaTeX Info: Redefining \frac on input line 211.
\uproot@=\count146
\leftroot@=\count147
LaTeX Info: Redefining \overline on input line 307.
\classnum@=\count148
\DOTSCASE@=\count149
LaTeX Info: Redefining \ldots on input line 379.
LaTeX Info: Redefining \dots on input line 382.
LaTeX Info: Redefining \cdots on input line 467.
\Mathstrutbox@=\box29
\strutbox@=\box30
\big@size=\dimen158
LaTeX Font Info:    Redeclaring font encoding OML on input line 567.
LaTeX Font Info:    Redeclaring font encoding OMS on input line 568.
\macc@depth=\count150
\c@MaxMatrixCols=\count151
\dotsspace@=\muskip10
\c@parentequation=\count152
\dspbrk@lvl=\count153
\tag@help=\toks25
\row@=\count154
\column@=\count155
\maxfields@=\count156
\andhelp@=\toks26
\eqnshift@=\dimen159
\alignsep@=\dimen160
\tagshift@=\dimen161
\tagwidth@=\dimen162
\totwidth@=\dimen163
\lineht@=\dimen164
\@envbody=\toks27
\multlinegap=\skip191
\multlinetaggap=\skip192
\mathdisplay@stack=\toks28
LaTeX Info: Redefining \[ on input line 2666.
LaTeX Info: Redefining \] on input line 2667.
)
("C:\Program Files (x86)\MiKTeX 2.9\tex\latex\ltxmisc\url.sty"
\Urlmuskip=\muskip11
Package: url 2006/04/12  ver 3.3  Verb mode for urls, etc.
)
("C:\Program Files (x86)\MiKTeX 2.9\tex\latex\hyperref\hyperref.sty"
Package: hyperref 2011/04/17 v6.82g Hypertext links for LaTeX

("C:\Program Files (x86)\MiKTeX 2.9\tex\generic\oberdiek\hobsub-hyperref.sty"
Package: hobsub-hyperref 2011/04/23 v1.4 Bundle oberdiek, subset hyperref (HO)

("C:\Program Files (x86)\MiKTeX 2.9\tex\generic\oberdiek\hobsub-generic.sty"
Package: hobsub-generic 2011/04/23 v1.4 Bundle oberdiek, subset generic (HO)
Package: hobsub 2011/04/23 v1.4 Subsetting bundle oberdiek (HO)
Package hobsub Info: Skipping package `infwarerr' (already loaded).
Package hobsub Info: Skipping package `ltxcmds' (already loaded).
Package hobsub Info: Skipping package `ifluatex' (already loaded).
Package: ifvtex 2010/03/01 v1.5 Switches for detecting VTeX and its modes (HO)
Package ifvtex Info: VTeX not detected.
Package: intcalc 2007/09/27 v1.1 Expandable integer calculations (HO)
Package hobsub Info: Skipping package `ifpdf' (already loaded).
Package: etexcmds 2011/02/16 v1.5 Prefix for e-TeX command names (HO)
Package etexcmds Info: Could not find \expanded.
(etexcmds)             That can mean that you are not using pdfTeX 1.50 or
(etexcmds)             that some package has redefined \expanded.
(etexcmds)             In the latter case, load this package earlier.
Package: kvsetkeys 2011/04/07 v1.13 Key value parser (HO)
Package: kvdefinekeys 2011/04/07 v1.3 Defining keys (HO)
Package: pdftexcmds 2011/04/22 v0.16 Utilities of pdfTeX for LuaTeX (HO)
Package pdftexcmds Info: LuaTeX not detected.
Package pdftexcmds Info: \pdf@primitive is available.
Package pdftexcmds Info: \pdf@ifprimitive is available.
Package pdftexcmds Info: \pdfdraftmode found.
Package: pdfescape 2011/04/04 v1.12 Provides string conversions (HO)
Package: bigintcalc 2011/01/30 v1.2 Expandable big integer calculations (HO)
Package: bitset 2011/01/30 v1.1 Data type bit set (HO)
Package: uniquecounter 2011/01/30 v1.2 Provides unlimited unique counter (HO)
)
Package hobsub Info: Skipping package `hobsub' (already loaded).
Package: letltxmacro 2010/09/02 v1.4 Let assignment for LaTeX macros (HO)
Package: hopatch 2011/01/30 v1.0 Wrapper for package hooks (HO)
Package: xcolor-patch 2011/01/30 xcolor patch
Package: atveryend 2011/04/23 v1.7 Hooks at very end of document (HO)
Package: atbegshi 2011/01/30 v1.15 At begin shipout hook (HO)
Package: refcount 2010/12/01 v3.2 Data extraction from references (HO)
Package: hycolor 2011/01/30 v1.7 Color options of hyperref/bookmark (HO)
)
("C:\Program Files (x86)\MiKTeX 2.9\tex\latex\oberdiek\kvoptions.sty"
Package: kvoptions 2010/12/23 v3.10 Keyval support for LaTeX options (HO)
)
\@linkdim=\dimen165
\Hy@linkcounter=\count157
\Hy@pagecounter=\count158

("C:\Program Files (x86)\MiKTeX 2.9\tex\latex\hyperref\pd1enc.def"
File: pd1enc.def 2011/04/17 v6.82g Hyperref: PDFDocEncoding definition (HO)
)
\Hy@SavedSpaceFactor=\count159

("C:\Program Files (x86)\MiKTeX 2.9\tex\latex\00miktex\hyperref.cfg"
File: hyperref.cfg 2002/06/06 v1.2 hyperref configuration of TeXLive
)
Package hyperref Info: Option `bookmarks' set `true' on input line 3905.
Package hyperref Info: Hyper figures OFF on input line 4026.
Package hyperref Info: Link nesting OFF on input line 4031.
Package hyperref Info: Hyper index ON on input line 4034.
Package hyperref Info: Plain pages OFF on input line 4041.
Package hyperref Info: Backreferencing OFF on input line 4046.
Package hyperref Info: Implicit mode ON; LaTeX internals redefined.
Package hyperref Info: Bookmarks ON on input line 4264.
\c@Hy@tempcnt=\count160
LaTeX Info: Redefining \url on input line 4617.
\Fld@menulength=\count161
\Field@Width=\dimen166
\Fld@charsize=\dimen167
Package hyperref Info: Hyper figures OFF on input line 5701.
Package hyperref Info: Link nesting OFF on input line 5706.
Package hyperref Info: Hyper index ON on input line 5709.
Package hyperref Info: backreferencing OFF on input line 5716.
Package hyperref Info: Link coloring OFF on input line 5721.
Package hyperref Info: Link coloring with OCG OFF on input line 5726.
Package hyperref Info: PDF/A mode OFF on input line 5731.
LaTeX Info: Redefining \ref on input line 5771.
LaTeX Info: Redefining \pageref on input line 5775.
\Hy@abspage=\count162
\c@Item=\count163
)
("C:\Program Files (x86)\MiKTeX 2.9\tex\latex\memoir\memhfixc.sty"
Package: memhfixc 2010/08/17 v1.15 nameref/hyperref package fixes for memoir cl
ass
\c@memhycontfloat=\count164
)

Package hyperref Message: Driver (autodetected): hpdftex.

("C:\Program Files (x86)\MiKTeX 2.9\tex\latex\hyperref\hpdftex.def"
File: hpdftex.def 2011/04/17 v6.82g Hyperref driver for pdfTeX
\Fld@listcount=\count165
\c@bookmark@seq@number=\count166

("C:\Program Files (x86)\MiKTeX 2.9\tex\latex\oberdiek\rerunfilecheck.sty"
Package: rerunfilecheck 2011/04/15 v1.7 Rerun checks for auxiliary files (HO)
Package uniquecounter Info: New unique counter `rerunfilecheck' on input line 2
82.
)
\Hy@SectionHShift=\skip193
)
("C:\Program Files (x86)\MiKTeX 2.9\tex\latex\oberdiek\bookmark.sty"
Package: bookmark 2011/04/21 v1.21 PDF bookmarks (HO)

("C:\Program Files (x86)\MiKTeX 2.9\tex\latex\oberdiek\auxhook.sty"
Package: auxhook 2011/03/04 v1.3 Hooks for auxiliary files (HO)
)
("C:\Program Files (x86)\MiKTeX 2.9\tex\latex\oberdiek\bkm-pdftex.def"
File: bkm-pdftex.def 2011/04/21 v1.21 bookmark driver for pdfTeX (HO)
\BKM@id=\count167
))
("C:\Program Files (x86)\MiKTeX 2.9\tex\latex\xmpincl\xmpincl.sty"
Package: xmpincl 2008/05/10 v2.2 Include XMP data in pdflatex

("C:\Program Files (x86)\MiKTeX 2.9\tex\latex\base\ifthen.sty"
Package: ifthen 2001/05/26 v1.1c Standard LaTeX ifthen package (DPC)
))
\xmpinclWrite=\write4
\xmpinclRead=\read2
<<cclicence.xmpi>> ("C:\Program Files (x86)\MiKTeX 2.9\tex\latex\oberdiek\epsto
pdf.sty"
Package: epstopdf 2010/02/09 v2.5 Conversion with epstopdf on the fly (HO)

("C:\Program Files (x86)\MiKTeX 2.9\tex\latex\oberdiek\epstopdf-base.sty"
Package: epstopdf-base 2010/02/09 v2.5 Base part for package epstopdf

("C:\Program Files (x86)\MiKTeX 2.9\tex\latex\oberdiek\grfext.sty"
Package: grfext 2010/08/19 v1.1 Managing graphics extensions (HO)
)
Package grfext Info: Graphics extension search list:
(grfext)             [.png,.pdf,.jpg,.mps,.jpeg,.jbig2,.jb2,.PNG,.PDF,.JPG,.JPE
G,.JBIG2,.JB2,.eps]
(grfext)             \AppendGraphicsExtensions on input line 452.
))
("C:\Program Files (x86)\MiKTeX 2.9\tex\latex\enumitem\enumitem.sty"
Package: enumitem 2011/09/28 v3.5.2 Customized lists
\labelindent=\skip194
\enit@outerparindent=\dimen168
\enit@toks=\toks29
\enit@inbox=\box31
\enitdp@description=\count168
)
("C:\Program Files (x86)\MiKTeX 2.9\tex\latex\carlisle\slashed.sty"
Package: slashed 1997/01/16 v0.01 Feynman Slashed Character Notation (DPC)
)
("C:\Program Files (x86)\MiKTeX 2.9\tex\latex\geometry\geometry.sty"
Package: geometry 2010/09/12 v5.6 Page Geometry
\Gm@cnth=\count169
\Gm@cntv=\count170
\c@Gm@tempcnt=\count171
\Gm@bindingoffset=\dimen169
\Gm@wd@mp=\dimen170
\Gm@odd@mp=\dimen171
\Gm@even@mp=\dimen172
\Gm@layoutwidth=\dimen173
\Gm@layoutheight=\dimen174
\Gm@layouthoffset=\dimen175
\Gm@layoutvoffset=\dimen176
\Gm@dimlist=\toks30

("C:\Program Files (x86)\MiKTeX 2.9\tex\latex\geometry\geometry.cfg"))
("C:\Program Files (x86)\MiKTeX 2.9\tex\latex\base\fontenc.sty"
Package: fontenc 2005/09/27 v1.99g Standard LaTeX package

("C:\Program Files (x86)\MiKTeX 2.9\tex\latex\base\t1enc.def"
File: t1enc.def 2005/09/27 v1.99g Standard LaTeX file
LaTeX Font Info:    Redeclaring font encoding T1 on input line 43.
))
("C:\Program Files (x86)\MiKTeX 2.9\tex\latex\arial\uarial.sty"
Package: uarial 2006/03/21 1.0 (WaS)
)
(C:\Users\bwoneill\Documents\Physics\Research\RDK\Papers\thesis\formatted\pwasu
.sty
Package: pwasu 2009/04/18 v0.3 ASU thesis
\toptafiddle=\skip195
\bottafiddle=\skip196
\topfiddle=\skip197
\botfiddle=\skip198
\linespace=\skip199
\tocfiddle=\skip200


******************************************************
Stock height and width: 794.96999pt by 614.295pt
Top and edge trims: 0pt and 0pt
Page height and width: 794.96999pt by 614.295pt
Text height and width: 635.93454pt by 415pt
Spine and edge margins: 99.37125pt and 99.37125pt
Upper and lower margins: 85.26747pt and 73.76797pt
Headheight and headsep: 1pt and 11.99748pt
Footskip: 14.5pt
Columnsep and columnseprule: 10pt and 0pt
Marginparsep and marginparwidth: 7pt and 50pt
Sidecapsep and sidecapwidth: 7pt and 50pt
Sidebarhsep and sidebarwidth: 7pt and 50pt
Sidebarvsep and sidebartopsep: 14.5pt and 0pt
Sidebarheight: 546.64995pt
Sidefoothsep and sidefootwidth: 7pt and 50pt
Sidefootvsep and sidefootheight: 14.5pt and 546.64995pt
******************************************************

)
(C:\Users\bwoneill\Documents\Physics\Research\RDK\Papers\thesis\formatted\pwasu
.aux)
LaTeX Font Info:    Checking defaults for OML/cmm/m/it on input line 70.
LaTeX Font Info:    ... okay on input line 70.
LaTeX Font Info:    Checking defaults for T1/cmr/m/n on input line 70.
LaTeX Font Info:    ... okay on input line 70.
LaTeX Font Info:    Checking defaults for OT1/cmr/m/n on input line 70.
LaTeX Font Info:    ... okay on input line 70.
LaTeX Font Info:    Checking defaults for OMS/cmsy/m/n on input line 70.
LaTeX Font Info:    ... okay on input line 70.
LaTeX Font Info:    Checking defaults for OMX/cmex/m/n on input line 70.
LaTeX Font Info:    ... okay on input line 70.
LaTeX Font Info:    Checking defaults for U/cmr/m/n on input line 70.
LaTeX Font Info:    ... okay on input line 70.
LaTeX Font Info:    Checking defaults for PD1/pdf/m/n on input line 70.
LaTeX Font Info:    ... okay on input line 70.
LaTeX Font Info:    Try loading font information for T1+ua1 on input line 70.
 ("C:\Program Files (x86)\MiKTeX 2.9\tex\latex\arial\t1ua1.fd"
File: t1ua1.fd 2006/03/21 Fontinst v1.928 font definitions for T1/ua1.
)
LaTeX Font Info:    Font shape `T1/ua1/m/n' will be
(Font)              scaled to size 11.39996pt on input line 70.
Package caption Info: Begin \AtBeginDocument code.
Package caption Info: subfig package v1.3 is loaded.
Package caption Info: hyperref package is loaded.
Package caption Info: End \AtBeginDocument code.

("C:\Program Files (x86)\MiKTeX 2.9\tex\context\base\supp-pdf.mkii"
[Loading MPS to PDF converter (version 2006.09.02).]
\scratchcounter=\count172
\scratchdimen=\dimen177
\scratchbox=\box32
\nofMPsegments=\count173
\nofMParguments=\count174
\everyMPshowfont=\toks31
\MPscratchCnt=\count175
\MPscratchDim=\dimen178
\MPnumerator=\count176
\makeMPintoPDFobject=\count177
\everyMPtoPDFconversion=\toks32
)
\AtBeginShipoutBox=\box33
Package hyperref Info: Link coloring OFF on input line 70.
 ("C:\Program Files (x86)\MiKTeX 2.9\tex\latex\hyperref\nameref.sty"
Package: nameref 2010/04/30 v2.40 Cross-referencing by name of section

("C:\Program Files (x86)\MiKTeX 2.9\tex\generic\oberdiek\gettitlestring.sty"
Package: gettitlestring 2010/12/03 v1.4 Cleanup title references (HO)
)
\c@section@level=\count178
)
Redoing nameref's sectioning
Redoing nameref's label
LaTeX Info: Redefining \nameref on input line 70.
LaTeX Info: Redefining \ref on input line 70.
LaTeX Info: Redefining \pageref on input line 70.
LaTeX Info: Redefining \nameref on input line 70.
*geometry* driver: auto-detecting
*geometry* detected driver: pdftex
*geometry* verbose mode - [ preamble ] result:
* driver: pdftex
* paper: <default>
* layout: <same size as paper>
* layoutoffset:(h,v)=(0.0pt,0.0pt)
* modes: 
* h-part:(L,W,R)=(108.405pt, 397.485pt, 108.405pt)
* v-part:(T,H,B)=(72.26999pt, 650.43001pt, 72.26999pt)
* \paperwidth=614.295pt
* \paperheight=794.96999pt
* \textwidth=415.0pt
* \textheight=635.93454pt
* \oddsidemargin=27.0pt
* \evensidemargin=27.0pt
* \topmargin=0.0pt
* \headheight=15.0pt
* \headsep=11.99748pt
* \topskip=12.0pt
* \footskip=14.5pt
* \marginparwidth=50.0pt
* \marginparsep=7.0pt
* \columnsep=10.0pt
* \skip\footins=12.0pt plus 4.0pt minus 4.0pt
* \hoffset=0.0pt
* \voffset=0.0pt
* \mag=1000
* \@twocolumnfalse
* \@twosidefalse
* \@mparswitchfalse
* \@reversemarginfalse
* (1in=72.27pt=25.4mm, 1cm=28.453pt)

*geometry* verbose mode - [ newgeometry ] result:
* driver: pdftex
* paper: <default>
* layout: <same size as paper>
* layoutoffset:(h,v)=(0.0pt,0.0pt)
* modes: includefoot 
* h-part:(L,W,R)=(108.405pt, 397.485pt, 108.405pt)
* v-part:(T,H,B)=(72.26999pt, 650.43001pt, 72.26999pt)
* \paperwidth=614.295pt
* \paperheight=794.96999pt
* \textwidth=397.485pt
* \textheight=635.93001pt
* \oddsidemargin=36.13501pt
* \evensidemargin=36.13501pt
* \topmargin=-26.99748pt
* \headheight=15.0pt
* \headsep=11.99748pt
* \topskip=12.0pt
* \footskip=14.5pt
* \marginparwidth=50.0pt
* \marginparsep=7.0pt
* \columnsep=10.0pt
* \skip\footins=12.0pt plus 4.0pt minus 4.0pt
* \hoffset=0.0pt
* \voffset=0.0pt
* \mag=1000
* \@twocolumnfalse
* \@twosidefalse
* \@mparswitchfalse
* \@reversemarginfalse
* (1in=72.27pt=25.4mm, 1cm=28.453pt)

[1




{C:/ProgramData/MiKTeX/2.9/pdftex/config/pdftex.map}]
*geometry* verbose mode - [ newgeometry ] result:
* driver: pdftex
* paper: <default>
* layout: <same size as paper>
* layoutoffset:(h,v)=(0.0pt,0.0pt)
* modes: 
* h-part:(L,W,R)=(108.405pt, 397.485pt, 108.405pt)
* v-part:(T,H,B)=(72.26999pt, 650.43001pt, 72.26999pt)
* \paperwidth=614.295pt
* \paperheight=794.96999pt
* \textwidth=397.485pt
* \textheight=650.43001pt
* \oddsidemargin=36.13501pt
* \evensidemargin=36.13501pt
* \topmargin=-26.99748pt
* \headheight=15.0pt
* \headsep=11.99748pt
* \topskip=12.0pt
* \footskip=14.5pt
* \marginparwidth=50.0pt
* \marginparsep=7.0pt
* \columnsep=10.0pt
* \skip\footins=12.0pt plus 4.0pt minus 4.0pt
* \hoffset=0.0pt
* \voffset=0.0pt
* \mag=1000
* \@twocolumnfalse
* \@twosidefalse
* \@mparswitchfalse
* \@reversemarginfalse
* (1in=72.27pt=25.4mm, 1cm=28.453pt)


<./images/by-nc-nd.png, id=11, 97.0827pt x 33.9669pt>
File: ./images/by-nc-nd.png Graphic file (type png)

<use ./images/by-nc-nd.png>
Package pdftex.def Info: ./images/by-nc-nd.png used on input line 96.
(pdftex.def)             Requested size: 97.08244pt x 33.96681pt.
 [2


 <C:/Users/bwoneill/Documents/Physics/Research/RDK/Papers/thesis/formatted/imag
es/by-nc-nd.png>]
*geometry* verbose mode - [ newgeometry ] result:
* driver: pdftex
* paper: <default>
* layout: <same size as paper>
* layoutoffset:(h,v)=(0.0pt,0.0pt)
* modes: includefoot 
* h-part:(L,W,R)=(108.405pt, 397.485pt, 108.405pt)
* v-part:(T,H,B)=(72.26999pt, 650.43001pt, 72.26999pt)
* \paperwidth=614.295pt
* \paperheight=794.96999pt
* \textwidth=397.485pt
* \textheight=635.93001pt
* \oddsidemargin=36.13501pt
* \evensidemargin=36.13501pt
* \topmargin=-26.99748pt
* \headheight=15.0pt
* \headsep=11.99748pt
* \topskip=12.0pt
* \footskip=14.5pt
* \marginparwidth=50.0pt
* \marginparsep=7.0pt
* \columnsep=10.0pt
* \skip\footins=12.0pt plus 4.0pt minus 4.0pt
* \hoffset=0.0pt
* \voffset=0.0pt
* \mag=1000
* \@twocolumnfalse
* \@twosidefalse
* \@mparswitchfalse
* \@reversemarginfalse
* (1in=72.27pt=25.4mm, 1cm=28.453pt)

LaTeX Font Info:    Try loading font information for U+msa on input line 104.

("C:\Program Files (x86)\MiKTeX 2.9\tex\latex\amsfonts\umsa.fd"
File: umsa.fd 2009/06/22 v3.00 AMS symbols A
)
LaTeX Font Info:    Try loading font information for U+msb on input line 104.

("C:\Program Files (x86)\MiKTeX 2.9\tex\latex\amsfonts\umsb.fd"
File: umsb.fd 2009/06/22 v3.00 AMS symbols B
)pdfTeX warning (ext4): destination with the same identifier (name{page.i}) has
 been already used, duplicate ignored
<to be read again> 
                   \relax 
l.105 \clearpage
                 [1


]pdfTeX warning (ext4): destination with the same identifier (name{page.ii}) ha
s been already used, duplicate ignored
<to be read again> 
                   \relax 
l.118 ....5in,right=1.5in,includefoot,includehead}
                                                   [2


]
*geometry* verbose mode - [ newgeometry ] result:
* driver: pdftex
* paper: <default>
* layout: <same size as paper>
* layoutoffset:(h,v)=(0.0pt,0.0pt)
* modes: includehead includefoot 
* h-part:(L,W,R)=(108.405pt, 397.485pt, 108.405pt)
* v-part:(T,H,B)=(72.26999pt, 650.43001pt, 72.26999pt)
* \paperwidth=614.295pt
* \paperheight=794.96999pt
* \textwidth=397.485pt
* \textheight=608.93253pt
* \oddsidemargin=36.13501pt
* \evensidemargin=36.13501pt
* \topmargin=0.0pt
* \headheight=15.0pt
* \headsep=11.99748pt
* \topskip=12.0pt
* \footskip=14.5pt
* \marginparwidth=50.0pt
* \marginparsep=7.0pt
* \columnsep=10.0pt
* \skip\footins=12.0pt plus 4.0pt minus 4.0pt
* \hoffset=0.0pt
* \voffset=0.0pt
* \mag=1000
* \@twocolumnfalse
* \@twosidefalse
* \@mparswitchfalse
* \@reversemarginfalse
* (1in=72.27pt=25.4mm, 1cm=28.453pt)


(C:\Users\bwoneill\Documents\Physics\Research\RDK\Papers\thesis\formatted\pwasu
.toc [3


] [4]) [5]
(C:\Users\bwoneill\Documents\Physics\Research\RDK\Papers\thesis\formatted\pwasu
.lot) [6

]
(C:\Users\bwoneill\Documents\Physics\Research\RDK\Papers\thesis\formatted\pwasu
.lof
LaTeX Font Info:    Font shape `T1/ua1/m/it' will be
(Font)              scaled to size 11.39996pt on input line 40.
 [7

]) [8]
*geometry* verbose mode - [ newgeometry ] result:
* driver: pdftex
* paper: <default>
* layout: <same size as paper>
* layoutoffset:(h,v)=(0.0pt,0.0pt)
* modes: includefoot 
* h-part:(L,W,R)=(108.405pt, 397.485pt, 108.405pt)
* v-part:(T,H,B)=(72.26999pt, 650.43001pt, 72.26999pt)
* \paperwidth=614.295pt
* \paperheight=794.96999pt
* \textwidth=397.485pt
* \textheight=635.93001pt
* \oddsidemargin=36.13501pt
* \evensidemargin=36.13501pt
* \topmargin=-26.99748pt
* \headheight=15.0pt
* \headsep=11.99748pt
* \topskip=12.0pt
* \footskip=14.5pt
* \marginparwidth=50.0pt
* \marginparsep=7.0pt
* \columnsep=10.0pt
* \skip\footins=12.0pt plus 4.0pt minus 4.0pt
* \hoffset=0.0pt
* \voffset=0.0pt
* \mag=1000
* \@twocolumnfalse
* \@twosidefalse
* \@mparswitchfalse
* \@reversemarginfalse
* (1in=72.27pt=25.4mm, 1cm=28.453pt)

 [1



]
LaTeX Font Info:    Font shape `T1/ua1/m/n' will be
(Font)              scaled to size 7.59998pt on input line 162.
 [2]
<./images/rdk1diagram.png, id=270, 724.7075pt x 416.55624pt>
File: ./images/rdk1diagram.png Graphic file (type png)

<use ./images/rdk1diagram.png>
Package pdftex.def Info: ./images/rdk1diagram.png used on input line 171.
(pdftex.def)             Requested size: 397.485pt x 228.47102pt.
 [3] [4 <C:/Users/bwoneill/Documents/Physics/Research/RDK/Papers/thesis/formatt
ed/images/rdk1diagram.png (PNG copy)>] [5]
[6

]
Package epstopdf Info: Source file: <./images/vertex_corrections.eps>
(epstopdf)                    date: 2012-02-20 21:47:49
(epstopdf)                    size: 161950 bytes
(epstopdf)             Output file: <./images/vertex_corrections-eps-converted-
to.pdf>
(epstopdf)                    date: 2012-02-20 21:50:38
(epstopdf)                    size: 8815 bytes
(epstopdf)             Command: <epstopdf --outfile=./images/vertex_corrections
-eps-converted-to.pdf ./images/vertex_corrections.eps>
(epstopdf)             \includegraphics on input line 217.
Package epstopdf Info: Output file is already uptodate.

<./images/vertex_corrections-eps-converted-to.pdf, id=316, 468.75125pt x 104.39
pt>
File: ./images/vertex_corrections-eps-converted-to.pdf Graphic file (type pdf)
 <use ./images/vertex_corrections-eps-converted-to.pdf>
Package pdftex.def Info: ./images/vertex_corrections-eps-converted-to.pdf used 
on input line 217.
(pdftex.def)             Requested size: 397.485pt x 88.51845pt.
 [7 <C:/Users/bwoneill/Documents/Physics/Research/RDK/Papers/thesis/formatted/i
mages/vertex_corrections-eps-converted-to.pdf>] [8] [9] [10] [11]
Package epstopdf Info: Source file: <./images/radiative_decay.eps>
(epstopdf)                    date: 2012-10-31 12:12:12
(epstopdf)                    size: 171281 bytes
(epstopdf)             Output file: <./images/radiative_decay-eps-converted-to.
pdf>
(epstopdf)                    date: 2012-10-31 12:58:27
(epstopdf)                    size: 9838 bytes
(epstopdf)             Command: <epstopdf --outfile=./images/radiative_decay-ep
s-converted-to.pdf ./images/radiative_decay.eps>
(epstopdf)             \includegraphics on input line 342.
Package epstopdf Info: Output file is already uptodate.

<./images/radiative_decay-eps-converted-to.pdf, id=409, 466.74374pt x 166.6225p
t>
File: ./images/radiative_decay-eps-converted-to.pdf Graphic file (type pdf)
 <use ./images/radiative_decay-eps-converted-to.pdf>
Package pdftex.def Info: ./images/radiative_decay-eps-converted-to.pdf used on 
input line 342.
(pdftex.def)             Requested size: 397.485pt x 141.90437pt.
 [12 <C:/Users/bwoneill/Documents/Physics/Research/RDK/Papers/thesis/formatted/
images/radiative_decay-eps-converted-to.pdf>] [13] <./images/ncnr.png, id=446, 
288.3573pt x 164.0529pt>
File: ./images/ncnr.png Graphic file (type png)

<use ./images/ncnr.png>
Package pdftex.def Info: ./images/ncnr.png used on input line 399.
(pdftex.def)             Requested size: 397.485pt x 226.14792pt.

<./images/Wavelength.jpg, id=451, 744.7825pt x 439.6425pt>
File: ./images/Wavelength.jpg Graphic file (type jpg)

<use ./images/Wavelength.jpg>
Package pdftex.def Info: ./images/Wavelength.jpg used on input line 412.
(pdftex.def)             Requested size: 190.79109pt x 112.62054pt.
LaTeX Font Info:    Font shape `T1/ua1/m/n' will be
(Font)              scaled to size 9.49997pt on input line 412.

<./images/BeamImage1.png, id=452, 593.96906pt x 597.73312pt>
File: ./images/BeamImage1.png Graphic file (type png)

<use ./images/BeamImage1.png>
Package pdftex.def Info: ./images/BeamImage1.png used on input line 417.
(pdftex.def)             Requested size: 190.79109pt x 191.99904pt.
 [14

]
<./images/detector_model.png, id=457, 931.22906pt x 338.01282pt>
File: ./images/detector_model.png Graphic file (type png)

<use ./images/detector_model.png>
Package pdftex.def Info: ./images/detector_model.png used on input line 425.
(pdftex.def)             Requested size: 397.485pt x 144.27504pt.
 [15 <C:/Users/bwoneill/Documents/Physics/Research/RDK/Papers/thesis/formatted/
images/ncnr.png (PNG copy)>] [16 <C:/Users/bwoneill/Documents/Physics/Research/
RDK/Papers/thesis/formatted/images/Wavelength.jpg> <C:/Users/bwoneill/Documents
/Physics/Research/RDK/Papers/thesis/formatted/images/BeamImage1.png> <C:/Users/
bwoneill/Documents/Physics/Research/RDK/Papers/thesis/formatted/images/detector
_model.png>] [17]
<./images/Magnet1.png, id=501, 1277.77374pt x 884.30376pt>
File: ./images/Magnet1.png Graphic file (type png)

<use ./images/Magnet1.png>
Package pdftex.def Info: ./images/Magnet1.png used on input line 451.
(pdftex.def)             Requested size: 317.98921pt x 220.06339pt.
 [18 <C:/Users/bwoneill/Documents/Physics/Research/RDK/Papers/thesis/formatted/
images/Magnet1.png (PNG copy)>]
<./images/magnet_field_comp.png, id=512, 623.32875pt x 508.90125pt>
File: ./images/magnet_field_comp.png Graphic file (type png)

<use ./images/magnet_field_comp.png>
Package pdftex.def Info: ./images/magnet_field_comp.png used on input line 480.

(pdftex.def)             Requested size: 357.73407pt x 292.06462pt.

<./images/SBD.JPG, id=514, 2296.58pt x 1718.42pt>
File: ./images/SBD.JPG Graphic file (type jpg)
 <use ./images/SBD.JPG>
Package pdftex.def Info: ./images/SBD.JPG used on input line 491.
(pdftex.def)             Requested size: 154.04878pt x 115.26797pt.

<./images/SBD_Detector_Inside.png, id=515, 1304.875pt x 638.385pt>
File: ./images/SBD_Detector_Inside.png Graphic file (type png)

<use ./images/SBD_Detector_Inside.png>
Package pdftex.def Info: ./images/SBD_Detector_Inside.png used on input line 49
5.
(pdftex.def)             Requested size: 235.60406pt x 115.26797pt.
 [19] [20 <C:/Users/bwoneill/Documents/Physics/Research/RDK/Papers/thesis/forma
tted/images/magnet_field_comp.png>]
<./images/SBD_Signal.png, id=529, 698.61pt x 473.77pt>
File: ./images/SBD_Signal.png Graphic file (type png)

<use ./images/SBD_Signal.png>
Package pdftex.def Info: ./images/SBD_Signal.png used on input line 502.
(pdftex.def)             Requested size: 397.485pt x 269.56012pt.
 [21 <C:/Users/bwoneill/Documents/Physics/Research/RDK/Papers/thesis/formatted/
images/SBD.JPG> <C:/Users/bwoneill/Documents/Physics/Research/RDK/Papers/thesis
/formatted/images/SBD_Detector_Inside.png>]
[22 <C:/Users/bwoneill/Documents/Physics/Research/RDK/Papers/thesis/formatted/i
mages/SBD_Signal.png>] <./images/Mirror1.jpg, id=545, 1606.0pt x 1204.5pt>
File: ./images/Mirror1.jpg Graphic file (type jpg)

<use ./images/Mirror1.jpg>
Package pdftex.def Info: ./images/Mirror1.jpg used on input line 513.
(pdftex.def)             Requested size: 317.98921pt x 238.48805pt.
LaTeX Font Info:    Try loading font information for OMS+ua1 on input line 526.

LaTeX Font Info:    No file OMSua1.fd. on input line 526.


LaTeX Font Warning: Font shape `OMS/ua1/m/n' undefined
(Font)              using `OMS/cmsy/m/n' instead
(Font)              for symbol `textbullet' on input line 526.

[23 <C:/Users/bwoneill/Documents/Physics/Research/RDK/Papers/thesis/formatted/i
mages/Mirror1.jpg>] <./images/bgo1.png, id=553, 960.58875pt x 602.25pt>
File: ./images/bgo1.png Graphic file (type png)

<use ./images/bgo1.png>
Package pdftex.def Info: ./images/bgo1.png used on input line 536.
(pdftex.def)             Requested size: 317.98921pt x 199.368pt.

<./images/gamma_det_partial_disassembled.pdf, id=554, 289.08pt x 379.4175pt>
File: ./images/gamma_det_partial_disassembled.pdf Graphic file (type pdf)

<use ./images/gamma_det_partial_disassembled.pdf>
Package pdftex.def Info: ./images/gamma_det_partial_disassembled.pdf used on in
put line 544.
(pdftex.def)             Requested size: 233.72015pt x 306.75333pt.


pdfTeX warning: pdflatex.exe (file C:/Users/bwoneill/Documents/Physics/Research
/RDK/Papers/thesis/formatted/images/Alan_mech_cut.pdf): PDF inclusion: found PD
F version <1.6>, but at most version <1.5> allowed
<./images/Alan_mech_cut.pdf, id=555, 237.88875pt x 475.7775pt>
File: ./images/Alan_mech_cut.pdf Graphic file (type pdf)

<use ./images/Alan_mech_cut.pdf>
Package pdftex.def Info: ./images/Alan_mech_cut.pdf used on input line 547.
(pdftex.def)             Requested size: 155.81343pt x 311.64017pt.

<./images/BGO_waveform.png, id=556, 698.61pt x 473.77pt>
File: ./images/BGO_waveform.png Graphic file (type png)

<use ./images/BGO_waveform.png>
Package pdftex.def Info: ./images/BGO_waveform.png used on input line 552.
(pdftex.def)             Requested size: 397.485pt x 269.56012pt.
 [24] [25 <C:/Users/bwoneill/Documents/Physics/Research/RDK/Papers/thesis/forma
tted/images/bgo1.png>] [26 <C:/Users/bwoneill/Documents/Physics/Research/RDK/Pa
pers/thesis/formatted/images/gamma_det_partial_disassembled.pdf> <C:/Users/bwon
eill/Documents/Physics/Research/RDK/Papers/thesis/formatted/images/Alan_mech_cu
t.pdf>] [27 <C:/Users/bwoneill/Documents/Physics/Research/RDK/Papers/thesis/for
matted/images/BGO_waveform.png>]
<./images/bapd1.png, id=631, 701.62125pt x 615.29875pt>
File: ./images/bapd1.png Graphic file (type png)

<use ./images/bapd1.png>
Package pdftex.def Info: ./images/bapd1.png used on input line 580.
(pdftex.def)             Requested size: 190.79109pt x 167.31586pt.
 <./images/bapd2.png, id=632, 714.67pt x 667.49374pt>
File: ./images/bapd2.png Graphic file (type png)

<use ./images/bapd2.png>
Package pdftex.def Info: ./images/bapd2.png used on input line 584.
(pdftex.def)             Requested size: 190.79109pt x 178.19888pt.

<./images/bAPD_waveform.png, id=635, 698.61pt x 473.77pt>
File: ./images/bAPD_waveform.png Graphic file (type png)

<use ./images/bAPD_waveform.png>
Package pdftex.def Info: ./images/bAPD_waveform.png used on input line 589.
(pdftex.def)             Requested size: 397.485pt x 269.56012pt.
 [28 <C:/Users/bwoneill/Documents/Physics/Research/RDK/Papers/thesis/formatted/
images/bapd1.png> <C:/Users/bwoneill/Documents/Physics/Research/RDK/Papers/thes
is/formatted/images/bapd2.png>] [29 <C:/Users/bwoneill/Documents/Physics/Resear
ch/RDK/Papers/thesis/formatted/images/bAPD_waveform.png>] [30]
<./images/Electronics_schematic.png, id=662, 794.97pt x 505.89pt>
File: ./images/Electronics_schematic.png Graphic file (type png)

<use ./images/Electronics_schematic.png>
Package pdftex.def Info: ./images/Electronics_schematic.png used on input line 
613.
(pdftex.def)             Requested size: 397.485pt x 252.95209pt.
 [31 <C:/Users/bwoneill/Documents/Physics/Research/RDK/Papers/thesis/formatted/
images/Electronics_schematic.png>]
LaTeX Font Info:    Font shape `T1/ua1/bx/n' in size <12> not available
(Font)              Font shape `T1/ua1/b/n' tried instead on input line 622.
LaTeX Font Info:    Font shape `T1/ua1/b/n' will be
(Font)              scaled to size 11.39996pt on input line 622.

[32] [33]
File: ./images/BGO_waveform.png Graphic file (type png)
 <use ./images/BGO_waveform.png>
Package pdftex.def Info: ./images/BGO_waveform.png used on input line 642.
(pdftex.def)             Requested size: 397.485pt x 269.56012pt.
 [34

] [35]
File: ./images/bAPD_waveform.png Graphic file (type png)

<use ./images/bAPD_waveform.png>
Package pdftex.def Info: ./images/bAPD_waveform.png used on input line 658.
(pdftex.def)             Requested size: 397.485pt x 269.56012pt.
 [36] [37]
<./images/Localregressionsmoother.png, id=716, 1003.75pt x 621.32124pt>
File: ./images/Localregressionsmoother.png Graphic file (type png)

<use ./images/Localregressionsmoother.png>
Package pdftex.def Info: ./images/Localregressionsmoother.png used on input lin
e 736.
(pdftex.def)             Requested size: 317.98921pt x 196.83594pt.
 [38] [39 <C:/Users/bwoneill/Documents/Physics/Research/RDK/Papers/thesis/forma
tted/images/Localregressionsmoother.png>] [40] [41] [42] [43]
<./images/TraceBad.png, id=767, 656.12553pt x 364.51419pt>
File: ./images/TraceBad.png Graphic file (type png)

<use ./images/TraceBad.png>
Package pdftex.def Info: ./images/TraceBad.png used on input line 792.
(pdftex.def)             Requested size: 397.485pt x 220.8349pt.
 [44 <C:/Users/bwoneill/Documents/Physics/Research/RDK/Papers/thesis/formatted/
images/TraceBad.png (PNG copy)>] [45]
<./images/on_peak_bgo_sum.png, id=779, 1923.185pt x 1055.945pt>
File: ./images/on_peak_bgo_sum.png Graphic file (type png)

<use ./images/on_peak_bgo_sum.png>
Package pdftex.def Info: ./images/on_peak_bgo_sum.png used on input line 822.
(pdftex.def)             Requested size: 190.79109pt x 104.74672pt.

<./images/off_peak_bgo_sum.png, id=780, 1923.185pt x 1055.945pt>
File: ./images/off_peak_bgo_sum.png Graphic file (type png)

<use ./images/off_peak_bgo_sum.png>
Package pdftex.def Info: ./images/off_peak_bgo_sum.png used on input line 827.
(pdftex.def)             Requested size: 190.79109pt x 104.74672pt.

<./images/bgc_bgo_sum.png, id=781, 1923.185pt x 1055.945pt>
File: ./images/bgc_bgo_sum.png Graphic file (type png)

<use ./images/bgc_bgo_sum.png>
Package pdftex.def Info: ./images/bgc_bgo_sum.png used on input line 832.
(pdftex.def)             Requested size: 190.79109pt x 104.74672pt.

<./images/delta_t_bgo_sum.png, id=782, 1923.185pt x 1055.945pt>
File: ./images/delta_t_bgo_sum.png Graphic file (type png)

<use ./images/delta_t_bgo_sum.png>
Package pdftex.def Info: ./images/delta_t_bgo_sum.png used on input line 837.
(pdftex.def)             Requested size: 190.79109pt x 104.74672pt.

<./images/on_peak_bapd_sum.png, id=783, 1923.185pt x 1055.945pt>
File: ./images/on_peak_bapd_sum.png Graphic file (type png)

<use ./images/on_peak_bapd_sum.png>
Package pdftex.def Info: ./images/on_peak_bapd_sum.png used on input line 848.
(pdftex.def)             Requested size: 190.79109pt x 104.74672pt.

<./images/off_peak_bapd_sum.png, id=784, 1923.185pt x 1055.945pt>
File: ./images/off_peak_bapd_sum.png Graphic file (type png)

<use ./images/off_peak_bapd_sum.png>
Package pdftex.def Info: ./images/off_peak_bapd_sum.png used on input line 853.

(pdftex.def)             Requested size: 190.79109pt x 104.74672pt.

<./images/bgc_bapd_sum.png, id=785, 1923.185pt x 1055.945pt>
File: ./images/bgc_bapd_sum.png Graphic file (type png)

<use ./images/bgc_bapd_sum.png>
Package pdftex.def Info: ./images/bgc_bapd_sum.png used on input line 858.
(pdftex.def)             Requested size: 190.79109pt x 104.74672pt.

<./images/delta_t_bapd_sum.png, id=786, 1923.185pt x 1055.945pt>
File: ./images/delta_t_bapd_sum.png Graphic file (type png)

<use ./images/delta_t_bapd_sum.png>
Package pdftex.def Info: ./images/delta_t_bapd_sum.png used on input line 863.
(pdftex.def)             Requested size: 190.79109pt x 104.74672pt.
 [46 <C:/Users/bwoneill/Documents/Physics/Research/RDK/Papers/thesis/formatted/
images/on_peak_bgo_sum.png> <C:/Users/bwoneill/Documents/Physics/Research/RDK/P
apers/thesis/formatted/images/off_peak_bgo_sum.png> <C:/Users/bwoneill/Document
s/Physics/Research/RDK/Papers/thesis/formatted/images/bgc_bgo_sum.png> <C:/User
s/bwoneill/Documents/Physics/Research/RDK/Papers/thesis/formatted/images/delta_
t_bgo_sum.png>]
LaTeX Font Info:    Font shape `T1/ua1/m/n' will be
(Font)              scaled to size 5.69998pt on input line 872.
 [47 <C:/Users/bwoneill/Documents/Physics/Research/RDK/Papers/thesis/formatted/
images/on_peak_bapd_sum.png> <C:/Users/bwoneill/Documents/Physics/Research/RDK/
Papers/thesis/formatted/images/off_peak_bapd_sum.png> <C:/Users/bwoneill/Docume
nts/Physics/Research/RDK/Papers/thesis/formatted/images/bgc_bapd_sum.png> <C:/U
sers/bwoneill/Documents/Physics/Research/RDK/Papers/thesis/formatted/images/del
ta_t_bapd_sum.png>] [48]
<./images/c256offPeak.png, id=817, 1682.285pt x 1003.75pt>
File: ./images/c256offPeak.png Graphic file (type png)

<use ./images/c256offPeak.png>
Package pdftex.def Info: ./images/c256offPeak.png used on input line 886.
(pdftex.def)             Requested size: 397.485pt x 237.15251pt.
 [49

]
<./images/cs137_v_mc.png, id=824, 718.685pt x 367.774pt>
File: ./images/cs137_v_mc.png Graphic file (type png)

<use ./images/cs137_v_mc.png>
Package pdftex.def Info: ./images/cs137_v_mc.png used on input line 893.
(pdftex.def)             Requested size: 397.485pt x 203.4099pt.

<./images/Layout_gain_temp_comp_424.jpg, id=825, 464.4853pt x 656.4525pt>
File: ./images/Layout_gain_temp_comp_424.jpg Graphic file (type jpg)

<use ./images/Layout_gain_temp_comp_424.jpg>
Package pdftex.def Info: ./images/Layout_gain_temp_comp_424.jpg used on input l
ine 903.
(pdftex.def)             Requested size: 353.7614pt x 499.98087pt.
 [50 <C:/Users/bwoneill/Documents/Physics/Research/RDK/Papers/thesis/formatted/
images/c256offPeak.png>]
<./images/position_dep.png, id=834, 525.46312pt x 343.2825pt>
File: ./images/position_dep.png Graphic file (type png)

<use ./images/position_dep.png>
Package pdftex.def Info: ./images/position_dep.png used on input line 914.
(pdftex.def)             Requested size: 377.60953pt x 246.697pt.
 [51 <C:/Users/bwoneill/Documents/Physics/Research/RDK/Papers/thesis/formatted/
images/cs137_v_mc.png>] [52 <C:/Users/bwoneill/Documents/Physics/Research/RDK/P
apers/thesis/formatted/images/Layout_gain_temp_comp_424.jpg>] [53 <C:/Users/bwo
neill/Documents/Physics/Research/RDK/Papers/thesis/formatted/images/position_de
p.png>]
<./images/colleff1.pdf, id=859, 451.6875pt x 316.18124pt>
File: ./images/colleff1.pdf Graphic file (type pdf)

<use ./images/colleff1.pdf>
Package pdftex.def Info: ./images/colleff1.pdf used on input line 928.
(pdftex.def)             Requested size: 186.81842pt x 130.77373pt.

<./images/colleff2.png, id=860, 408.02437pt x 311.66437pt>
File: ./images/colleff2.png Graphic file (type png)

<use ./images/colleff2.png>
Package pdftex.def Info: ./images/colleff2.png used on input line 932.
(pdftex.def)             Requested size: 186.81842pt x 142.70155pt.
 [54]
<./images/G_ePkHt_1.png, id=869, 656.12553pt x 364.51419pt>
File: ./images/G_ePkHt_1.png Graphic file (type png)

<use ./images/G_ePkHt_1.png>
Package pdftex.def Info: ./images/G_ePkHt_1.png used on input line 945.
(pdftex.def)             Requested size: 397.485pt x 220.8349pt.
 [55 <C:/Users/bwoneill/Documents/Physics/Research/RDK/Papers/thesis/formatted/
images/colleff1.pdf> <C:/Users/bwoneill/Documents/Physics/Research/RDK/Papers/t
hesis/formatted/images/colleff2.png>]
<./images/mirror_ep_e.png, id=896, 794.97pt x 614.295pt>
File: ./images/mirror_ep_e.png Graphic file (type png)

<use ./images/mirror_ep_e.png>
Package pdftex.def Info: ./images/mirror_ep_e.png used on input line 955.
(pdftex.def)             Requested size: 397.485pt x 307.15611pt.
 [56 <C:/Users/bwoneill/Documents/Physics/Research/RDK/Papers/thesis/formatted/
images/G_ePkHt_1.png (PNG copy)>] [57 <C:/Users/bwoneill/Documents/Physics/Rese
arch/RDK/Papers/thesis/formatted/images/mirror_ep_e.png>] [58] [59

] [60] [61]
<./images/mesh.png, id=953, 878.28125pt x 450.68375pt>
File: ./images/mesh.png Graphic file (type png)
 <use ./images/mesh.png>
Package pdftex.def Info: ./images/mesh.png used on input line 1041.
(pdftex.def)             Requested size: 397.485pt x 203.96799pt.

[62 <C:/Users/bwoneill/Documents/Physics/Research/RDK/Papers/thesis/formatted/i
mages/mesh.png (PNG copy)>] [63] [64]
<./images/e_energy_comparison.png, id=991, 1923.185pt x 993.7125pt>
File: ./images/e_energy_comparison.png Graphic file (type png)

<use ./images/e_energy_comparison.png>
Package pdftex.def Info: ./images/e_energy_comparison.png used on input line 10
96.
(pdftex.def)             Requested size: 397.485pt x 205.38028pt.

<./images/ep_tof_comparison.png, id=992, 1923.185pt x 993.7125pt>
File: ./images/ep_tof_comparison.png Graphic file (type png)

<use ./images/ep_tof_comparison.png>
Package pdftex.def Info: ./images/ep_tof_comparison.png used on input line 1101
.
(pdftex.def)             Requested size: 397.485pt x 205.38028pt.
 [65 <C:/Users/bwoneill/Documents/Physics/Research/RDK/Papers/thesis/formatted/
images/e_energy_comparison.png>] [66 <C:/Users/bwoneill/Documents/Physics/Resea
rch/RDK/Papers/thesis/formatted/images/ep_tof_comparison.png>] [67

]
<./images/bgo_comparison.png, id=1017, 1923.185pt x 993.7125pt>
File: ./images/bgo_comparison.png Graphic file (type png)

<use ./images/bgo_comparison.png>
Package pdftex.def Info: ./images/bgo_comparison.png used on input line 1120.
(pdftex.def)             Requested size: 397.485pt x 205.38028pt.

<./images/bgo_comparison_log_log.png, id=1018, 1923.185pt x 993.7125pt>
File: ./images/bgo_comparison_log_log.png Graphic file (type png)

<use ./images/bgo_comparison_log_log.png>
Package pdftex.def Info: ./images/bgo_comparison_log_log.png used on input line
 1126.
(pdftex.def)             Requested size: 397.485pt x 205.38028pt.
 [68 <C:/Users/bwoneill/Documents/Physics/Research/RDK/Papers/thesis/formatted/
images/bgo_comparison.png>] [69 <C:/Users/bwoneill/Documents/Physics/Research/R
DK/Papers/thesis/formatted/images/bgo_comparison_log_log.png>]
<./images/bapd_comparison.png, id=1031, 1923.185pt x 993.7125pt>
File: ./images/bapd_comparison.png Graphic file (type png)

<use ./images/bapd_comparison.png>
Package pdftex.def Info: ./images/bapd_comparison.png used on input line 1137.
(pdftex.def)             Requested size: 397.485pt x 205.38028pt.
 [70 <C:/Users/bwoneill/Documents/Physics/Research/RDK/Papers/thesis/formatted/
images/bapd_comparison.png>] [71]
<./images/Electron_KE_Comparison_0_800.png, id=1054, 947.54pt x 607.26875pt>
File: ./images/Electron_KE_Comparison_0_800.png Graphic file (type png)

<use ./images/Electron_KE_Comparison_0_800.png>
Package pdftex.def Info: ./images/Electron_KE_Comparison_0_800.png used on inpu
t line 1183.
(pdftex.def)             Requested size: 397.485pt x 254.74535pt.
 [72] [73 <C:/Users/bwoneill/Documents/Physics/Research/RDK/Papers/thesis/forma
tted/images/Electron_KE_Comparison_0_800.png>] [74]
(C:\Users\bwoneill\Documents\Physics\Research\RDK\Papers\thesis\formatted\pwasu
.bbl

Package hyperref Warning: Token not allowed in a PDF string (PDFDocEncoding):
(hyperref)                removing `\new@ifnextchar' on input line 1.


Package hyperref Warning: Token not allowed in a PDF string (PDFDocEncoding):
(hyperref)                removing `\topfiddle' on input line 1.

bibitemlist
[75


] [76] [77]) [78]
\tf@toc=\write5
\tf@lot=\write6
\tf@lof=\write7
Package atveryend Info: Empty hook `BeforeClearDocument' on input line 1219.
Package atveryend Info: Empty hook `AfterLastShipout' on input line 1219.

(C:\Users\bwoneill\Documents\Physics\Research\RDK\Papers\thesis\formatted\pwasu
.aux)
Package atveryend Info: Executing hook `AtVeryEndDocument' on input line 1219.
Package atveryend Info: Empty hook `AtEndAfterFileList' on input line 1219.


LaTeX Font Warning: Some font shapes were not available, defaults substituted.

 ) 
Here is how much of TeX's memory you used:
 12584 strings out of 494045
 184251 string characters out of 3145960
 312391 words of memory out of 3000000
 15347 multiletter control sequences out of 15000+200000
 49591 words of font info for 60 fonts, out of 3000000 for 9000
 715 hyphenation exceptions out of 8191
 47i,15n,46p,1485b,458s stack positions out of 5000i,500n,10000p,200000b,50000s
 <C:\Users\bwoneill\AppData\Local\MiKTeX\2.9\fonts\pk\ljfour\jknappen\ec\dpi6
00\ecrm0800.pk>{C:/Program Files (x86)/MiKTeX 2.9/fonts/enc/dvips/fontname/8r.e
nc}<C:/Program Files (x86)/MiKTeX 2.9/fonts/type1/public/amsfonts/cm/cmbx12.pfb
><C:/Program Files (x86)/MiKTeX 2.9/fonts/type1/public/amsfonts/cm/cmbx8.pfb><C
:/Program Files (x86)/MiKTeX 2.9/fonts/type1/public/amsfonts/cm/cmex10.pfb><C:/
Program Files (x86)/MiKTeX 2.9/fonts/type1/public/amsfonts/cm/cmmi10.pfb><C:/Pr
ogram Files (x86)/MiKTeX 2.9/fonts/type1/public/amsfonts/cm/cmmi12.pfb><C:/Prog
ram Files (x86)/MiKTeX 2.9/fonts/type1/public/amsfonts/cm/cmmi6.pfb><C:/Program
 Files (x86)/MiKTeX 2.9/fonts/type1/public/amsfonts/cm/cmmi8.pfb><C:/Program Fi
les (x86)/MiKTeX 2.9/fonts/type1/public/amsfonts/cm/cmmib10.pfb><C:/Program Fil
es (x86)/MiKTeX 2.9/fonts/type1/public/amsfonts/cm/cmr10.pfb><C:/Program Files 
(x86)/MiKTeX 2.9/fonts/type1/public/amsfonts/cm/cmr12.pfb><C:/Program Files (x8
6)/MiKTeX 2.9/fonts/type1/public/amsfonts/cm/cmr6.pfb><C:/Program Files (x86)/M
iKTeX 2.9/fonts/type1/public/amsfonts/cm/cmr8.pfb><C:/Program Files (x86)/MiKTe
X 2.9/fonts/type1/public/amsfonts/cm/cmsy10.pfb><C:/Program Files (x86)/MiKTeX 
2.9/fonts/type1/public/amsfonts/cm/cmsy6.pfb><C:/Program Files (x86)/MiKTeX 2.9
/fonts/type1/public/amsfonts/cm/cmsy8.pfb><C:/Program Files (x86)/MiKTeX 2.9/fo
nts/type1/public/amsfonts/symbols/msam10.pfb><C:/Program Files (x86)/MiKTeX 2.9
/fonts/type1/public/amsfonts/symbols/msbm10.pfb><C:/Program Files (x86)/MiKTeX 
2.9/fonts/type1/urw/arial/ua1b8a.pfb><C:/Program Files (x86)/MiKTeX 2.9/fonts/t
ype1/urw/arial/ua1r8a.pfb><C:/Program Files (x86)/MiKTeX 2.9/fonts/type1/urw/ar
ial/ua1ri8a.pfb>
Output written on pwasu.pdf (88 pages, 7242478 bytes).
PDF statistics:
 1415 PDF objects out of 1440 (max. 8388607)
 330 named destinations out of 1000 (max. 500000)
 688 words of extra memory for PDF output out of 10000 (max. 10000000)

